<?xml version="1.0" encoding="UTF-8"?>
<!-- Generated by org.testng.reporters.JUnitReportReporter -->
<testsuite hostname="Hari" failures="0" tests="1" name="com.testcases.ChangePasswordPageTest" time="4.948" errors="0" timestamp="28 Dec 2022 04:40:49 GMT" skipped="0">
  <testcase classname="com.testcases.ChangePasswordPageTest" name="changePasswordTest" time="4.948"/>
</testsuite> <!-- com.testcases.ChangePasswordPageTest -->
