<?xml version="1.0" encoding="UTF-8"?>
<!-- Generated by org.testng.reporters.JUnitReportReporter -->
<testsuite hostname="Hari" failures="0" tests="6" name="com.testcases.SelectHotelPageTest" time="103.040" errors="0" timestamp="2023-01-18T21:57:05 IST" skipped="0">
  <testcase classname="com.testcases.SelectHotelPageTest" name="loginTitleTest" time="32.820"/>
  <system-out/>
  <testcase classname="com.testcases.SelectHotelPageTest" name="textShowTest" time="16.696"/>
  <system-out/>
  <testcase classname="com.testcases.SelectHotelPageTest" name="selectTest" time="15.098"/>
  <system-out/>
  <testcase classname="com.testcases.SelectHotelPageTest" name="continueButtonTest" time="12.802"/>
  <system-out/>
  <testcase classname="com.testcases.SelectHotelPageTest" name="cancelTest" time="14.328"/>
  <system-out/>
  <testcase classname="com.testcases.SelectHotelPageTest" name="hotelNotSelectedTest" time="11.296"/>
  <system-out/>
</testsuite> <!-- com.testcases.SelectHotelPageTest -->
