<?xml version="1.0" encoding="UTF-8"?>
<!-- Generated by org.testng.reporters.JUnitReportReporter -->
<testsuite hostname="Hari" failures="0" tests="1" name="com.testcases.NewUserPageTest" time="21.590" errors="0" timestamp="18 Jan 2023 14:56:02 GMT" skipped="0">
  <testcase classname="com.testcases.NewUserPageTest" name="labelsTextTest" time="21.590"/>
</testsuite> <!-- com.testcases.NewUserPageTest -->
