<?xml version="1.0" encoding="UTF-8"?>
<!-- Generated by org.testng.reporters.JUnitReportReporter -->
<testsuite hostname="Hari" failures="0" tests="1" name="com.testcases.ForgotPasswordPageTest" time="19.286" errors="0" timestamp="28 Dec 2022 04:30:26 GMT" skipped="0">
  <testcase classname="com.testcases.ForgotPasswordPageTest" name="resetPwdTest" time="19.286"/>
</testsuite> <!-- com.testcases.ForgotPasswordPageTest -->
