<?xml version="1.0" encoding="UTF-8"?>
<!-- Generated by org.testng.reporters.JUnitReportReporter -->
<testsuite hostname="Hari" failures="0" tests="1" name="com.testcases.LogoutPageTest" time="5.580" errors="0" timestamp="20 Dec 2022 14:00:21 GMT" skipped="0">
  <testcase classname="com.testcases.LogoutPageTest" name="logoutPageTest" time="5.580"/>
</testsuite> <!-- com.testcases.LogoutPageTest -->
