<?xml version="1.0" encoding="UTF-8"?>
<!-- Generated by org.testng.reporters.JUnitReportReporter -->
<testsuite hostname="Hari" failures="0" tests="1" name="com.testcases.BookedItineraryPageTest" time="40.843" errors="0" timestamp="17 Jan 2023 14:58:49 GMT" skipped="0">
  <testcase classname="com.testcases.BookedItineraryPageTest" name="cancelbookingTest" time="40.843"/>
</testsuite> <!-- com.testcases.BookedItineraryPageTest -->
