<?xml version="1.0" encoding="UTF-8"?>
<!-- Generated by org.testng.reporters.JUnitReportReporter -->
<testsuite hostname="Hari" failures="0" tests="9" name="com.testcases.LoginTest" time="121.502" errors="0" timestamp="2023-01-18T21:57:05 IST" skipped="0">
  <testcase classname="com.testcases.LoginTest" name="loginTest" time="15.032"/>
  <system-out/>
  <testcase classname="com.testcases.LoginTest" name="invalidLoginTest" time="14.139"/>
  <system-out/>
  <testcase classname="com.testcases.LoginTest" name="forgotPwdTest" time="14.205"/>
  <system-out/>
  <testcase classname="com.testcases.LoginTest" name="newUserTest" time="9.516"/>
  <system-out/>
  <testcase classname="com.testcases.LoginTest" name="emptyUsernamePwdTest" time="13.917"/>
  <system-out/>
  <testcase classname="com.testcases.LoginTest" name="validateImages" time="19.870"/>
  <system-out/>
  <testcase classname="com.testcases.LoginTest" name="validateTextTest" time="11.898"/>
  <system-out/>
  <testcase classname="com.testcases.LoginTest" name="iosAppLinkClickTest" time="11.132"/>
  <system-out/>
  <testcase classname="com.testcases.LoginTest" name="androidAppLinkClickTest" time="11.793"/>
  <system-out/>
</testsuite> <!-- com.testcases.LoginTest -->
