<?xml version="1.0" encoding="UTF-8"?>
<!-- Generated by org.testng.reporters.JUnitReportReporter -->
<testsuite hostname="Hari" failures="0" tests="9" name="com.testcases.BookHotelPageTest" time="178.087" errors="0" timestamp="2023-01-18T21:57:05 IST" skipped="0">
  <testcase classname="com.testcases.BookHotelPageTest" name="loginTitleValidate" time="18.837"/>
  <system-out/>
  <testcase classname="com.testcases.BookHotelPageTest" name="textValidation" time="10.405"/>
  <system-out/>
  <testcase classname="com.testcases.BookHotelPageTest" name="inputTest" time="23.875"/>
  <system-out/>
  <testcase classname="com.testcases.BookHotelPageTest" name="bookingConfirmationTest" time="26.193"/>
  <system-out/>
  <testcase classname="com.testcases.BookHotelPageTest" name="afterBookingSearchHotelTest" time="22.411"/>
  <system-out/>
  <testcase classname="com.testcases.BookHotelPageTest" name="afterBookingLogoutTest" time="32.885"/>
  <system-out/>
  <testcase classname="com.testcases.BookHotelPageTest" name="detailsNotGivenTest" time="6.802"/>
  <system-out/>
  <testcase classname="com.testcases.BookHotelPageTest" name="selectOptionsValidateTest" time="20.448"/>
  <system-out/>
  <testcase classname="com.testcases.BookHotelPageTest" name="priceValidationTest" time="16.231"/>
  <system-out/>
</testsuite> <!-- com.testcases.BookHotelPageTest -->
