<?xml version="1.0" encoding="UTF-8"?>
<!-- Generated by org.testng.reporters.JUnitReportReporter -->
<testsuite hostname="Hari" failures="0" tests="1" name="com.testcases.SearchHotelPageTest" time="24.986" errors="0" timestamp="2023-03-05T12:24:09 IST" skipped="0">
  <testcase classname="com.testcases.SearchHotelPageTest" name="linkClickTest" time="24.986"/>
  <system-out/>
</testsuite> <!-- com.testcases.SearchHotelPageTest -->
