<?xml version="1.0" encoding="UTF-8"?>
<!-- Generated by org.testng.reporters.JUnitReportReporter -->
<testsuite hostname="Hari" failures="0" tests="1" name="com.testcases.BookHotelPageTest" time="15.863" errors="0" timestamp="04 Dec 2022 03:22:40 GMT" skipped="0">
  <testcase classname="com.testcases.BookHotelPageTest" name="loginTitleValidate" time="15.863"/>
</testsuite> <!-- com.testcases.BookHotelPageTest -->
